#
# There is insufficient memory for the Java Runtime Environment to continue.
# Native memory allocation (malloc) failed to allocate 367536 bytes for Chunk::new
# Possible reasons:
#   The system is out of physical RAM or swap space
#   In 32 bit mode, the process size limit was hit
# Possible solutions:
#   Reduce memory load on the system
#   Increase physical memory or swap space
#   Check if swap backing store is full
#   Use 64 bit Java on a 64 bit OS
#   Decrease Java heap size (-Xmx/-Xms)
#   Decrease number of Java threads
#   Decrease Java thread stack sizes (-Xss)
#   Set larger code cache with -XX:ReservedCodeCacheSize=
# This output file may be truncated or incomplete.
#
#  Out of Memory Error (allocation.cpp:390), pid=6188, tid=0x0000000000001104
#
# JRE version: Java(TM) SE Runtime Environment (8.0_131-b11) (build 1.8.0_131-b11)
# Java VM: Java HotSpot(TM) 64-Bit Server VM (25.131-b11 mixed mode windows-amd64 compressed oops)
# Failed to write core dump. Minidumps are not enabled by default on client versions of Windows
#

---------------  T H R E A D  ---------------

Current thread (0x0000000014f35800):  JavaThread "C2 CompilerThread0" daemon [_thread_in_native, id=4356, stack(0x00000000165a0000,0x00000000166a0000)]

Stack: [0x00000000165a0000,0x00000000166a0000]
[error occurred during error reporting (printing stack bounds), id 0xc0000005]

Native frames: (J=compiled Java code, j=interpreted, Vv=VM code, C=native code)


Current CompileTask:
C2:   1067  282       4       java.io.WinNTFileSystem::normalize (231 bytes)


---------------  P R O C E S S  ---------------

Java Threads: ( => current thread )
  0x00000000168d3000 JavaThread "Service Thread" daemon [_thread_blocked, id=1928, stack(0x0000000016ca0000,0x0000000016da0000)]
  0x0000000014f46000 JavaThread "C1 CompilerThread2" daemon [_thread_blocked, id=10160, stack(0x00000000167a0000,0x00000000168a0000)]
  0x0000000014f38800 JavaThread "C2 CompilerThread1" daemon [_thread_in_native, id=1316, stack(0x00000000166a0000,0x00000000167a0000)]
=>0x0000000014f35800 JavaThread "C2 CompilerThread0" daemon [_thread_in_native, id=4356, stack(0x00000000165a0000,0x00000000166a0000)]
  0x0000000014f33800 JavaThread "Attach Listener" daemon [_thread_blocked, id=5304, stack(0x00000000164a0000,0x00000000165a0000)]
  0x0000000014f32800 JavaThread "Signal Dispatcher" daemon [_thread_blocked, id=9380, stack(0x00000000163a0000,0x00000000164a0000)]
  0x0000000014f20000 JavaThread "Finalizer" daemon [_thread_blocked, id=8816, stack(0x0000000016180000,0x0000000016280000)]
  0x00000000031e7800 JavaThread "Reference Handler" daemon [_thread_blocked, id=4220, stack(0x0000000016080000,0x0000000016180000)]
  0x00000000030f3000 JavaThread "main" [_thread_in_native, id=3024, stack(0x0000000002f50000,0x0000000003050000)]

Other Threads:
  0x0000000014ef7000 VMThread [stack: 0x0000000015f80000,0x0000000016080000] [id=1020]
  0x00000000168fe000 WatcherThread [stack: 0x0000000016da0000,0x0000000016ea0000] [id=5984]

VM state:not at safepoint (normal execution)

VM Mutex/Monitor currently owned by a thread: None

Heap:
 PSYoungGen      total 14336K, used 10689K [0x00000000f0180000, 0x00000000f1180000, 0x0000000100000000)
  eden space 12288K, 76% used [0x00000000f0180000,0x00000000f0ab52c0,0x00000000f0d80000)
  from space 2048K, 61% used [0x00000000f0d80000,0x00000000f0ebb4a8,0x00000000f0f80000)
  to   space 2048K, 0% used [0x00000000f0f80000,0x00000000f0f80000,0x00000000f1180000)
 ParOldGen       total 32768K, used 8K [0x00000000d0400000, 0x00000000d2400000, 0x00000000f0180000)
  object space 32768K, 0% used [0x00000000d0400000,0x00000000d0402000,0x00000000d2400000)
 Metaspace       used 3417K, capacity 4662K, committed 4864K, reserved 1056768K
  class space    used 368K, capacity 422K, committed 512K, reserved 1048576K

Card table byte_map: [0x00000000125b0000,0x0000000012730000] byte_map_base: 0x0000000011f2e000

Marking Bits: (ParMarkBitMap*) 0x0000000073f4c720
 Begin Bits: [0x0000000012c30000, 0x0000000013820000)
 End Bits:   [0x0000000013820000, 0x0000000014410000)

Polling page: 0x00000000016c0000

CodeCache: size=245760Kb used=1905Kb max_used=1916Kb free=243854Kb
 bounds [0x00000000031f0000, 0x0000000003460000, 0x00000000121f0000]
 total_blobs=517 nmethods=282 adapters=149
 compilation: enabled

Compilation events (10 events):
Event: 0.965 Thread 0x0000000014f46000 nmethod 279 0x00000000033c5610 code [0x00000000033c5aa0, 0x00000000033c8a98]
Event: 0.965 Thread 0x0000000014f46000  280       3       java.net.Parts::<init> (87 bytes)
Event: 0.966 Thread 0x0000000014f46000 nmethod 280 0x00000000033ca150 code [0x00000000033ca320, 0x00000000033cacb8]
Event: 0.966 Thread 0x0000000014f46000  281       3       java.lang.Float::isNaN (12 bytes)
Event: 0.967 Thread 0x0000000014f46000 nmethod 281 0x00000000033caf50 code [0x00000000033cb0a0, 0x00000000033cb250]
Event: 1.013 Thread 0x0000000014f38800 nmethod 278 0x00000000033cea90 code [0x00000000033cec40, 0x00000000033cf7f8]
Event: 1.027 Thread 0x0000000014f35800  282       4       java.io.WinNTFileSystem::normalize (231 bytes)
Event: 1.038 Thread 0x0000000014f46000  283       3       java.lang.Throwable::<init> (50 bytes)
Event: 1.039 Thread 0x0000000014f46000 nmethod 283 0x00000000033ce090 code [0x00000000033ce240, 0x00000000033ce8f8]
Event: 1.051 Thread 0x0000000014f38800  284 % !   4       sun.net.www.ParseUtil::decode @ 69 (316 bytes)

GC Heap History (2 events):
Event: 0.567 GC heap before
{Heap before GC invocations=1 (full 0):
 PSYoungGen      total 14336K, used 12288K [0x00000000f0180000, 0x00000000f1180000, 0x0000000100000000)
  eden space 12288K, 100% used [0x00000000f0180000,0x00000000f0d80000,0x00000000f0d80000)
  from space 2048K, 0% used [0x00000000f0f80000,0x00000000f0f80000,0x00000000f1180000)
  to   space 2048K, 0% used [0x00000000f0d80000,0x00000000f0d80000,0x00000000f0f80000)
 ParOldGen       total 32768K, used 0K [0x00000000d0400000, 0x00000000d2400000, 0x00000000f0180000)
  object space 32768K, 0% used [0x00000000d0400000,0x00000000d0400000,0x00000000d2400000)
 Metaspace       used 3324K, capacity 4662K, committed 4864K, reserved 1056768K
  class space    used 368K, capacity 422K, committed 512K, reserved 1048576K
Event: 0.571 GC heap after
Heap after GC invocations=1 (full 0):
 PSYoungGen      total 14336K, used 1261K [0x00000000f0180000, 0x00000000f1180000, 0x0000000100000000)
  eden space 12288K, 0% used [0x00000000f0180000,0x00000000f0180000,0x00000000f0d80000)
  from space 2048K, 61% used [0x00000000f0d80000,0x00000000f0ebb4a8,0x00000000f0f80000)
  to   space 2048K, 0% used [0x00000000f0f80000,0x00000000f0f80000,0x00000000f1180000)
 ParOldGen       total 32768K, used 8K [0x00000000d0400000, 0x00000000d2400000, 0x00000000f0180000)
  object space 32768K, 0% used [0x00000000d0400000,0x00000000d0402000,0x00000000d2400000)
 Metaspace       used 3324K, capacity 4662K, committed 4864K, reserved 1056768K
  class space    used 368K, capacity 422K, committed 512K, reserved 1048576K
}

Deoptimization events (0 events):
No events

Internal exceptions (10 events):
Event: 1.054 Thread 0x00000000030f3000 Exception <a 'java/security/PrivilegedActionException'> (0x00000000f0a4ef10) thrown at [C:\re\workspace\8-2-build-windows-amd64-cygwin\jdk8u131\8869\hotspot\src\share\vm\prims\jvm.cpp, line 1390]
Event: 1.054 Thread 0x00000000030f3000 Exception <a 'java/security/PrivilegedActionException'> (0x00000000f0a4f120) thrown at [C:\re\workspace\8-2-build-windows-amd64-cygwin\jdk8u131\8869\hotspot\src\share\vm\prims\jvm.cpp, line 1390]
Event: 1.054 Thread 0x00000000030f3000 Exception <a 'java/security/PrivilegedActionException'> (0x00000000f0a507e0) thrown at [C:\re\workspace\8-2-build-windows-amd64-cygwin\jdk8u131\8869\hotspot\src\share\vm\prims\jvm.cpp, line 1390]
Event: 1.054 Thread 0x00000000030f3000 Exception <a 'java/security/PrivilegedActionException'> (0x00000000f0a509f0) thrown at [C:\re\workspace\8-2-build-windows-amd64-cygwin\jdk8u131\8869\hotspot\src\share\vm\prims\jvm.cpp, line 1390]
Event: 1.054 Thread 0x00000000030f3000 Exception <a 'java/security/PrivilegedActionException'> (0x00000000f0a52510) thrown at [C:\re\workspace\8-2-build-windows-amd64-cygwin\jdk8u131\8869\hotspot\src\share\vm\prims\jvm.cpp, line 1390]
Event: 1.054 Thread 0x00000000030f3000 Exception <a 'java/security/PrivilegedActionException'> (0x00000000f0a52720) thrown at [C:\re\workspace\8-2-build-windows-amd64-cygwin\jdk8u131\8869\hotspot\src\share\vm\prims\jvm.cpp, line 1390]
Event: 1.059 Thread 0x00000000030f3000 Exception <a 'java/security/PrivilegedActionException'> (0x00000000f0a80b40) thrown at [C:\re\workspace\8-2-build-windows-amd64-cygwin\jdk8u131\8869\hotspot\src\share\vm\prims\jvm.cpp, line 1390]
Event: 1.059 Thread 0x00000000030f3000 Exception <a 'java/security/PrivilegedActionException'> (0x00000000f0a80d50) thrown at [C:\re\workspace\8-2-build-windows-amd64-cygwin\jdk8u131\8869\hotspot\src\share\vm\prims\jvm.cpp, line 1390]
Event: 1.059 Thread 0x00000000030f3000 Exception <a 'java/security/PrivilegedActionException'> (0x00000000f0a82bf8) thrown at [C:\re\workspace\8-2-build-windows-amd64-cygwin\jdk8u131\8869\hotspot\src\share\vm\prims\jvm.cpp, line 1390]
Event: 1.059 Thread 0x00000000030f3000 Exception <a 'java/security/PrivilegedActionException'> (0x00000000f0a82e08) thrown at [C:\re\workspace\8-2-build-windows-amd64-cygwin\jdk8u131\8869\hotspot\src\share\vm\prims\jvm.cpp, line 1390]

Events (10 events):
Event: 0.560 Thread 0x00000000030f3000 DEOPT PACKING pc=0x000000000333d0d2 sp=0x000000000304c0b0
Event: 0.560 Thread 0x00000000030f3000 DEOPT UNPACKING pc=0x000000000323747f sp=0x000000000304bdd0 mode 0
Event: 0.567 Executing VM operation: ParallelGCFailedAllocation
Event: 0.571 Executing VM operation: ParallelGCFailedAllocation done
Event: 0.782 Thread 0x00000000030f3000 DEOPT PACKING pc=0x000000000334cdea sp=0x000000000304bdb0
Event: 0.782 Thread 0x00000000030f3000 DEOPT UNPACKING pc=0x000000000323747f sp=0x000000000304bc58 mode 0
Event: 0.788 Thread 0x00000000030f3000 DEOPT PACKING pc=0x000000000334cdea sp=0x000000000304bdb0
Event: 0.788 Thread 0x00000000030f3000 DEOPT UNPACKING pc=0x000000000323747f sp=0x000000000304bc58 mode 0
Event: 1.027 Thread 0x00000000030f3000 DEOPT PACKING pc=0x00000000033323cc sp=0x000000000304a6b0
Event: 1.027 Thread 0x00000000030f3000 DEOPT UNPACKING pc=0x000000000323747f sp=0x000000000304a528 mode 0


Dynamic libraries:
0x00007ff6d7df0000 - 0x00007ff6d7e27000 	C:\Program Files\Java\jdk1.8.0_131\bin\java.exe
0x00007ffac0940000 - 0x00007ffac0b30000 	C:\Windows\SYSTEM32\ntdll.dll
0x00007ffabedd0000 - 0x00007ffabee82000 	C:\Windows\System32\KERNEL32.DLL
0x00007ffabda60000 - 0x00007ffabdd04000 	C:\Windows\System32\KERNELBASE.dll
0x00007ffabea80000 - 0x00007ffabeb23000 	C:\Windows\System32\ADVAPI32.dll
0x00007ffabf0b0000 - 0x00007ffabf14e000 	C:\Windows\System32\msvcrt.dll
0x00007ffabef90000 - 0x00007ffabf027000 	C:\Windows\System32\sechost.dll
0x00007ffabf6d0000 - 0x00007ffabf7f0000 	C:\Windows\System32\RPCRT4.dll
0x00007ffabec30000 - 0x00007ffabedc4000 	C:\Windows\System32\USER32.dll
0x00007ffabd930000 - 0x00007ffabd951000 	C:\Windows\System32\win32u.dll
0x00007ffabe9f0000 - 0x00007ffabea16000 	C:\Windows\System32\GDI32.dll
0x00007ffabe5b0000 - 0x00007ffabe744000 	C:\Windows\System32\gdi32full.dll
0x00007ffabe8d0000 - 0x00007ffabe96e000 	C:\Windows\System32\msvcp_win.dll
0x00007ffabe490000 - 0x00007ffabe58a000 	C:\Windows\System32\ucrtbase.dll
0x00007ffaae3f0000 - 0x00007ffaae674000 	C:\Windows\WinSxS\amd64_microsoft.windows.common-controls_6595b64144ccf1df_6.0.18362.836_none_e6c4b943130f18ed\COMCTL32.dll
0x00007ffac05c0000 - 0x00007ffac08f6000 	C:\Windows\System32\combase.dll
0x00007ffabe970000 - 0x00007ffabe9f0000 	C:\Windows\System32\bcryptPrimitives.dll
0x00007ffabf150000 - 0x00007ffabf17e000 	C:\Windows\System32\IMM32.DLL
0x0000000073650000 - 0x0000000073722000 	C:\Program Files\Java\jdk1.8.0_131\jre\bin\msvcr100.dll
0x0000000073730000 - 0x0000000073fcc000 	C:\Program Files\Java\jdk1.8.0_131\jre\bin\server\jvm.dll
0x00007ffabf180000 - 0x00007ffabf188000 	C:\Windows\System32\PSAPI.DLL
0x00007ffab8d90000 - 0x00007ffab8d99000 	C:\Windows\SYSTEM32\WSOCK32.dll
0x00007ffab5790000 - 0x00007ffab579a000 	C:\Windows\SYSTEM32\VERSION.dll
0x00007ffabeea0000 - 0x00007ffabef0f000 	C:\Windows\System32\WS2_32.dll
0x00007ffabb150000 - 0x00007ffabb174000 	C:\Windows\SYSTEM32\WINMM.dll
0x00007ffabb120000 - 0x00007ffabb14d000 	C:\Windows\SYSTEM32\WINMMBASE.dll
0x00007ffabd960000 - 0x00007ffabd9aa000 	C:\Windows\System32\cfgmgr32.dll
0x0000000073600000 - 0x000000007360f000 	C:\Program Files\Java\jdk1.8.0_131\jre\bin\verify.dll
0x00000000735d0000 - 0x00000000735f9000 	C:\Program Files\Java\jdk1.8.0_131\jre\bin\java.dll
0x00000000735b0000 - 0x00000000735c6000 	C:\Program Files\Java\jdk1.8.0_131\jre\bin\zip.dll
0x00007ffabf9a0000 - 0x00007ffac0084000 	C:\Windows\System32\SHELL32.dll
0x00007ffac00f0000 - 0x00007ffac0199000 	C:\Windows\System32\shcore.dll
0x00007ffabdd10000 - 0x00007ffabe48e000 	C:\Windows\System32\windows.storage.dll
0x00007ffabd8a0000 - 0x00007ffabd8c3000 	C:\Windows\System32\profapi.dll
0x00007ffabd830000 - 0x00007ffabd87a000 	C:\Windows\System32\powrprof.dll
0x00007ffabd800000 - 0x00007ffabd810000 	C:\Windows\System32\UMPDC.dll
0x00007ffac0390000 - 0x00007ffac03e2000 	C:\Windows\System32\shlwapi.dll
0x00007ffabd810000 - 0x00007ffabd821000 	C:\Windows\System32\kernel.appcore.dll
0x00007ffabe590000 - 0x00007ffabe5a7000 	C:\Windows\System32\cryptsp.dll

VM Arguments:
jvm_args: -Dfile.encoding=UTF-8 -Xbootclasspath/p:C:\Users\user\Documents\ProyectoTratamientoFacturas\lib\javaee-endorsed-api-7.0\javax.annotation-api.jar;C:\Users\user\Documents\ProyectoTratamientoFacturas\lib\javaee-endorsed-api-7.0\javax.xml.soap-api.jar;C:\Users\user\Documents\ProyectoTratamientoFacturas\lib\javaee-endorsed-api-7.0\jaxb-api-osgi.jar;C:\Users\user\Documents\ProyectoTratamientoFacturas\lib\javaee-endorsed-api-7.0\jaxws-api.jar;C:\Users\user\Documents\ProyectoTratamientoFacturas\lib\javaee-endorsed-api-7.0\jsr181-api.jar 
java_command: co.fac.dao.Main
java_class_path (initial): C:\Users\user\Documents\ProyectoTratamientoFacturas\build\web\WEB-INF\classes;C:\Users\user\Documents\ProyectoTratamientoFacturas\lib\primefaces-7.0.jar;C:\Users\user\Documents\ProyectoTratamientoFacturas\lib\PostgreSQLDriver\postgresql-9.4.1209.jar;C:\Users\user\Documents\ProyectoTratamientoFacturas\lib\start-1.0.0.jar;C:\Users\user\Documents\ProyectoTratamientoFacturas\lib\log4j-api-2.1.jar;C:\Users\user\Documents\ProyectoTratamientoFacturas\lib\log4j-core-2.1.jar;C:\Users\user\Documents\ProyectoTratamientoFacturas\lib\log4j-web-2.1.jar;C:\Program Files\glassfish-4.1.1\glassfish\modules\endorsed\javax.annotation-api.jar;C:\Program Files\glassfish-4.1.1\glassfish\modules\endorsed\jaxb-api.jar;C:\Program Files\glassfish-4.1.1\glassfish\modules\endorsed\webservices-api-osgi.jar;C:\Program Files\glassfish-4.1.1\glassfish\modules\bean-validator.jar;C:\Program Files\glassfish-4.1.1\glassfish\modules\cdi-api.jar;C:\Program Files\glassfish-4.1.1\glassfish\modules\javax.batch-api.jar;C:\Program Files\glassfish-4.1.1\glassfish\modules\javax.ejb-api.jar;C:\Program Files\glassfish-4.1.1\glassfish\modules\javax.el.jar;C:\Program Files\glassfish-4.1.1\glassfish\modules\javax.enterprise.concurrent-api.jar;C:\Program Files\glassfish-4.1.1\glassfish\modules\javax.enterprise.concurrent.jar;C:\Program Files\glassfish-4.1.1\glassfish\modules\javax.enterprise.deploy-api.jar;C:\Program Files\glassfish-4.1.1\glassfish\modules\javax.faces.jar;C:\Program Files\glassfish-4.1.1\glassfish\modules\javax.inject.jar;C:\Program Files\glassfish-4.1.1\glassfish\modules\javax.interceptor-api.jar;C:\Program Files\glassfish-4.1.1\glassfish\modules\javax.jms-api.jar;C:\Program Files\glassfish-4.1.1\glassfish\modules\javax.json.jar;C:\Program Files\glassfish-4.1.1\glassfish\modules\javax.mail.jar;C:\Program Files\glassfish-4.1.1\glassfish\modules\javax.management.j2ee-api.jar;C:\Program Files\glassfish-4.1.1\glassfish\modules\javax.persistence.jar;C:\Program Files\glassfish
Launcher Type: SUN_STANDARD

Environment Variables:
PATH=C:\Program Files (x86)\Common Files\Oracle\Java\javapath;C:\ProgramData\Oracle\Java\javapath;C:\Windows\system32;C:\Windows;C:\Windows\System32\Wbem;C:\Windows\System32\WindowsPowerShell\v1.0\;C:\Windows\System32\OpenSSH\;C:\Program Files\MySQL\MySQL Shell 8.0\bin\;C:\Users\user\AppData\Local\Microsoft\WindowsApps;
USERNAME=Sebas
OS=Windows_NT
PROCESSOR_IDENTIFIER=AMD64 Family 22 Model 48 Stepping 1, AuthenticAMD



---------------  S Y S T E M  ---------------

OS: Windows 10.0 , 64 bit Build 18362 (10.0.18362.778)

CPU:total 4 (initial active 4) (4 cores per cpu, 1 threads per core) family 22 model 48 stepping 1, cmov, cx8, fxsr, mmx, sse, sse2, sse3, ssse3, sse4.1, sse4.2, popcnt, avx, aes, clmul, mmxext, 3dnowpref, lzcnt, sse4a, tsc, tscinvbit, tscinv, bmi1

Memory: 4k page, physical 3121420k(244928k free), swap 12558604k(4596k free)

vm_info: Java HotSpot(TM) 64-Bit Server VM (25.131-b11) for windows-amd64 JRE (1.8.0_131-b11), built on Mar 15 2017 01:23:53 by "java_re" with MS VC++ 10.0 (VS2010)

time: Sat May 23 22:00:17 2020
elapsed time: 1 seconds (0d 0h 0m 1s)

